<?xml version="1.0" encoding="UTF-8"?>
<coverage generated="1768456204727" clover="3.2.0">
  <project timestamp="1768456204727" name="All files">
    <metrics statements="104" coveredstatements="68" conditionals="90" coveredconditionals="64" methods="28" coveredmethods="24" elements="222" coveredelements="156" complexity="0" loc="104" ncloc="104" packages="2" files="7" classes="7"/>
    <package name="src">
      <metrics statements="61" coveredstatements="25" conditionals="24" coveredconditionals="3" methods="11" coveredmethods="7"/>
      <file name="App.jsx" path="C:\Users\jorda\Documents\careerfoundry\meet\src\App.jsx">
        <metrics statements="14" coveredstatements="14" conditionals="2" coveredconditionals="2" methods="4" coveredmethods="4"/>
        <line num="12" count="4" type="stmt"/>
        <line num="13" count="18" type="stmt"/>
        <line num="14" count="17" type="stmt"/>
        <line num="15" count="17" type="stmt"/>
        <line num="16" count="17" type="stmt"/>
        <line num="18" count="17" type="stmt"/>
        <line num="19" count="10" type="stmt"/>
        <line num="23" count="17" type="stmt"/>
        <line num="24" count="10" type="stmt"/>
        <line num="25" count="10" type="cond" truecount="2" falsecount="0"/>
        <line num="27" count="35" type="stmt"/>
        <line num="28" count="10" type="stmt"/>
        <line num="29" count="10" type="stmt"/>
        <line num="33" count="17" type="stmt"/>
      </file>
      <file name="api.js" path="C:\Users\jorda\Documents\careerfoundry\meet\src\api.js">
        <metrics statements="46" coveredstatements="10" conditionals="22" coveredconditionals="1" methods="7" coveredmethods="3"/>
        <line num="3" count="5" type="stmt"/>
        <line num="4" count="0" type="stmt"/>
        <line num="5" count="0" type="stmt"/>
        <line num="8" count="0" type="stmt"/>
        <line num="9" count="0" type="cond" truecount="0" falsecount="2"/>
        <line num="12" count="0" type="stmt"/>
        <line num="22" count="5" type="stmt"/>
        <line num="23" count="455" type="stmt"/>
        <line num="24" count="13" type="stmt"/>
        <line num="25" count="13" type="stmt"/>
        <line num="28" count="5" type="stmt"/>
        <line num="29" count="0" type="stmt"/>
        <line num="32" count="0" type="stmt"/>
        <line num="33" count="0" type="stmt"/>
        <line num="40" count="5" type="stmt"/>
        <line num="41" count="16" type="cond" truecount="1" falsecount="1"/>
        <line num="42" count="16" type="stmt"/>
        <line num="46" count="0" type="stmt"/>
        <line num="48" count="0" type="stmt"/>
        <line num="50" count="0" type="cond" truecount="0" falsecount="4"/>
        <line num="51" count="0" type="stmt"/>
        <line num="56" count="0" type="stmt"/>
        <line num="58" count="0" type="stmt"/>
        <line num="59" count="0" type="stmt"/>
        <line num="63" count="0" type="cond" truecount="0" falsecount="2"/>
        <line num="64" count="0" type="stmt"/>
        <line num="65" count="0" type="stmt"/>
        <line num="66" count="0" type="stmt"/>
        <line num="67" count="0" type="stmt"/>
        <line num="68" count="0" type="cond" truecount="0" falsecount="2"/>
        <line num="69" count="0" type="stmt"/>
        <line num="70" count="0" type="stmt"/>
        <line num="74" count="5" type="stmt"/>
        <line num="75" count="0" type="stmt"/>
        <line num="76" count="0" type="cond" truecount="0" falsecount="2"/>
        <line num="79" count="0" type="cond" truecount="0" falsecount="4"/>
        <line num="80" count="0" type="stmt"/>
        <line num="81" count="0" type="stmt"/>
        <line num="82" count="0" type="stmt"/>
        <line num="83" count="0" type="cond" truecount="0" falsecount="2"/>
        <line num="84" count="0" type="stmt"/>
        <line num="87" count="0" type="stmt"/>
        <line num="88" count="0" type="stmt"/>
        <line num="89" count="0" type="stmt"/>
        <line num="91" count="0" type="cond" truecount="0" falsecount="2"/>
        <line num="93" count="0" type="stmt"/>
      </file>
      <file name="mock-data.js" path="C:\Users\jorda\Documents\careerfoundry\meet\src\mock-data.js">
        <metrics statements="1" coveredstatements="1" conditionals="0" coveredconditionals="0" methods="0" coveredmethods="0"/>
        <line num="1" count="5" type="stmt"/>
      </file>
    </package>
    <package name="src.components">
      <metrics statements="43" coveredstatements="43" conditionals="66" coveredconditionals="61" methods="17" coveredmethods="17"/>
      <file name="CitySearch.jsx" path="C:\Users\jorda\Documents\careerfoundry\meet\src\components\CitySearch.jsx">
        <metrics statements="20" coveredstatements="20" conditionals="4" coveredconditionals="3" methods="7" coveredmethods="7"/>
        <line num="3" count="4" type="stmt"/>
        <line num="4" count="66" type="stmt"/>
        <line num="5" count="66" type="stmt"/>
        <line num="6" count="66" type="stmt"/>
        <line num="8" count="66" type="stmt"/>
        <line num="9" count="18" type="stmt"/>
        <line num="12" count="66" type="stmt"/>
        <line num="13" count="18" type="stmt"/>
        <line num="14" count="18" type="cond" truecount="1" falsecount="1"/>
        <line num="15" count="36" type="stmt"/>
        <line num="18" count="18" type="stmt"/>
        <line num="19" count="18" type="stmt"/>
        <line num="22" count="66" type="stmt"/>
        <line num="23" count="2" type="stmt"/>
        <line num="24" count="2" type="stmt"/>
        <line num="25" count="2" type="stmt"/>
        <line num="26" count="2" type="stmt"/>
        <line num="29" count="66" type="stmt"/>
        <line num="36" count="5" type="stmt"/>
        <line num="42" count="26" type="stmt"/>
      </file>
      <file name="Event.jsx" path="C:\Users\jorda\Documents\careerfoundry\meet\src\components\Event.jsx">
        <metrics statements="5" coveredstatements="5" conditionals="43" coveredconditionals="40" methods="3" coveredmethods="3"/>
        <line num="12" count="5" type="stmt"/>
        <line num="13" count="272" type="stmt"/>
        <line num="14" count="272" type="stmt"/>
        <line num="15" count="272" type="cond" truecount="4" falsecount="0"/>
        <line num="17" count="272" type="stmt"/>
      </file>
      <file name="EventList.jsx" path="C:\Users\jorda\Documents\careerfoundry\meet\src\components\EventList.jsx">
        <metrics statements="3" coveredstatements="3" conditionals="2" coveredconditionals="2" methods="2" coveredmethods="2"/>
        <line num="12" count="4" type="stmt"/>
        <line num="13" count="20" type="stmt"/>
        <line num="16" count="258" type="stmt"/>
      </file>
      <file name="NumberOfEvents.jsx" path="C:\Users\jorda\Documents\careerfoundry\meet\src\components\NumberOfEvents.jsx">
        <metrics statements="15" coveredstatements="15" conditionals="17" coveredconditionals="16" methods="5" coveredmethods="5"/>
        <line num="15" count="4" type="cond" truecount="3" falsecount="0"/>
        <line num="16" count="38" type="stmt"/>
        <line num="18" count="38" type="stmt"/>
        <line num="19" count="15" type="stmt"/>
        <line num="22" count="38" type="stmt"/>
        <line num="23" count="12" type="stmt"/>
        <line num="24" count="12" type="stmt"/>
        <line num="27" count="12" type="stmt"/>
        <line num="28" count="12" type="cond" truecount="2" falsecount="0"/>
        <line num="31" count="12" type="cond" truecount="4" falsecount="0"/>
        <line num="32" count="8" type="stmt"/>
        <line num="36" count="12" type="cond" truecount="6" falsecount="0"/>
        <line num="40" count="12" type="cond" truecount="1" falsecount="1"/>
        <line num="41" count="12" type="stmt"/>
        <line num="45" count="38" type="stmt"/>
      </file>
    </package>
  </project>
</coverage>
