<?xml version="1.0" encoding="UTF-8"?>
<coverage generated="1768442596866" clover="3.2.0">
  <project timestamp="1768442596867" name="All files">
    <metrics statements="64" coveredstatements="64" conditionals="68" coveredconditionals="63" methods="24" coveredmethods="24" elements="156" coveredelements="151" complexity="0" loc="64" ncloc="64" packages="2" files="7" classes="7"/>
    <package name="src">
      <metrics statements="21" coveredstatements="21" conditionals="2" coveredconditionals="2" methods="7" coveredmethods="7"/>
      <file name="App.jsx" path="C:\Users\jorda\Documents\careerfoundry\meet\src\App.jsx">
        <metrics statements="14" coveredstatements="14" conditionals="2" coveredconditionals="2" methods="4" coveredmethods="4"/>
        <line num="12" count="4" type="stmt"/>
        <line num="13" count="14" type="stmt"/>
        <line num="14" count="13" type="stmt"/>
        <line num="15" count="13" type="stmt"/>
        <line num="16" count="13" type="stmt"/>
        <line num="18" count="13" type="stmt"/>
        <line num="19" count="8" type="stmt"/>
        <line num="23" count="13" type="stmt"/>
        <line num="24" count="8" type="stmt"/>
        <line num="25" count="8" type="cond" truecount="2" falsecount="0"/>
        <line num="27" count="35" type="stmt"/>
        <line num="28" count="8" type="stmt"/>
        <line num="29" count="8" type="stmt"/>
        <line num="33" count="13" type="stmt"/>
      </file>
      <file name="api.js" path="C:\Users\jorda\Documents\careerfoundry\meet\src\api.js">
        <metrics statements="6" coveredstatements="6" conditionals="0" coveredconditionals="0" methods="3" coveredmethods="3"/>
        <line num="10" count="5" type="stmt"/>
        <line num="11" count="385" type="stmt"/>
        <line num="12" count="11" type="stmt"/>
        <line num="13" count="11" type="stmt"/>
        <line num="21" count="5" type="stmt"/>
        <line num="22" count="14" type="stmt"/>
      </file>
      <file name="mock-data.js" path="C:\Users\jorda\Documents\careerfoundry\meet\src\mock-data.js">
        <metrics statements="1" coveredstatements="1" conditionals="0" coveredconditionals="0" methods="0" coveredmethods="0"/>
        <line num="1" count="5" type="stmt"/>
      </file>
    </package>
    <package name="src.components">
      <metrics statements="43" coveredstatements="43" conditionals="66" coveredconditionals="61" methods="17" coveredmethods="17"/>
      <file name="CitySearch.jsx" path="C:\Users\jorda\Documents\careerfoundry\meet\src\components\CitySearch.jsx">
        <metrics statements="20" coveredstatements="20" conditionals="4" coveredconditionals="3" methods="7" coveredmethods="7"/>
        <line num="3" count="4" type="stmt"/>
        <line num="4" count="62" type="stmt"/>
        <line num="5" count="62" type="stmt"/>
        <line num="6" count="62" type="stmt"/>
        <line num="8" count="62" type="stmt"/>
        <line num="9" count="18" type="stmt"/>
        <line num="12" count="62" type="stmt"/>
        <line num="13" count="18" type="stmt"/>
        <line num="14" count="18" type="cond" truecount="1" falsecount="1"/>
        <line num="15" count="36" type="stmt"/>
        <line num="18" count="18" type="stmt"/>
        <line num="19" count="18" type="stmt"/>
        <line num="22" count="62" type="stmt"/>
        <line num="23" count="2" type="stmt"/>
        <line num="24" count="2" type="stmt"/>
        <line num="25" count="2" type="stmt"/>
        <line num="26" count="2" type="stmt"/>
        <line num="29" count="62" type="stmt"/>
        <line num="36" count="5" type="stmt"/>
        <line num="42" count="26" type="stmt"/>
      </file>
      <file name="Event.jsx" path="C:\Users\jorda\Documents\careerfoundry\meet\src\components\Event.jsx">
        <metrics statements="5" coveredstatements="5" conditionals="43" coveredconditionals="40" methods="3" coveredmethods="3"/>
        <line num="12" count="5" type="stmt"/>
        <line num="13" count="226" type="stmt"/>
        <line num="14" count="226" type="stmt"/>
        <line num="15" count="226" type="cond" truecount="4" falsecount="0"/>
        <line num="17" count="226" type="stmt"/>
      </file>
      <file name="EventList.jsx" path="C:\Users\jorda\Documents\careerfoundry\meet\src\components\EventList.jsx">
        <metrics statements="3" coveredstatements="3" conditionals="2" coveredconditionals="2" methods="2" coveredmethods="2"/>
        <line num="12" count="4" type="stmt"/>
        <line num="13" count="16" type="stmt"/>
        <line num="16" count="212" type="stmt"/>
      </file>
      <file name="NumberOfEvents.jsx" path="C:\Users\jorda\Documents\careerfoundry\meet\src\components\NumberOfEvents.jsx">
        <metrics statements="15" coveredstatements="15" conditionals="17" coveredconditionals="16" methods="5" coveredmethods="5"/>
        <line num="15" count="4" type="cond" truecount="3" falsecount="0"/>
        <line num="16" count="34" type="stmt"/>
        <line num="18" count="34" type="stmt"/>
        <line num="19" count="13" type="stmt"/>
        <line num="22" count="34" type="stmt"/>
        <line num="23" count="12" type="stmt"/>
        <line num="24" count="12" type="stmt"/>
        <line num="27" count="12" type="stmt"/>
        <line num="28" count="12" type="cond" truecount="2" falsecount="0"/>
        <line num="31" count="12" type="cond" truecount="4" falsecount="0"/>
        <line num="32" count="8" type="stmt"/>
        <line num="36" count="12" type="cond" truecount="6" falsecount="0"/>
        <line num="40" count="12" type="cond" truecount="1" falsecount="1"/>
        <line num="41" count="12" type="stmt"/>
        <line num="45" count="34" type="stmt"/>
      </file>
    </package>
  </project>
</coverage>
