{"C:\\Users\\jorda\\Documents\\careerfoundry\\meet\\src\\App.jsx": {"path":"C:\\Users\\jorda\\Documents\\careerfoundry\\meet\\src\\App.jsx","statementMap":{"0":{"start":{"line":12,"column":12},"end":{"line":40,"column":1}},"1":{"start":{"line":13,"column":41},"end":{"line":13,"column":53}},"2":{"start":{"line":14,"column":37},"end":{"line":14,"column":49}},"3":{"start":{"line":15,"column":29},"end":{"line":15,"column":41}},"4":{"start":{"line":16,"column":39},"end":{"line":16,"column":65}},"5":{"start":{"line":18,"column":1},"end":{"line":20,"column":19}},"6":{"start":{"line":19,"column":3},"end":{"line":19,"column":15}},"7":{"start":{"line":23,"column":19},"end":{"line":30,"column":2}},"8":{"start":{"line":24,"column":21},"end":{"line":24,"column":38}},"9":{"start":{"line":25,"column":26},"end":{"line":27,"column":62}},"10":{"start":{"line":27,"column":31},"end":{"line":27,"column":61}},"11":{"start":{"line":28,"column":3},"end":{"line":28,"column":50}},"12":{"start":{"line":29,"column":3},"end":{"line":29,"column":48}},"13":{"start":{"line":33,"column":1},"end":{"line":39,"column":3}}},"fnMap":{"0":{"name":"(anonymous_0)","decl":{"start":{"line":12,"column":12},"end":{"line":12,"column":13}},"loc":{"start":{"line":12,"column":18},"end":{"line":40,"column":1}},"line":12},"1":{"name":"(anonymous_1)","decl":{"start":{"line":18,"column":11},"end":{"line":18,"column":12}},"loc":{"start":{"line":18,"column":17},"end":{"line":20,"column":2}},"line":18},"2":{"name":"(anonymous_2)","decl":{"start":{"line":23,"column":19},"end":{"line":23,"column":20}},"loc":{"start":{"line":23,"column":31},"end":{"line":30,"column":2}},"line":23},"3":{"name":"(anonymous_3)","decl":{"start":{"line":27,"column":22},"end":{"line":27,"column":23}},"loc":{"start":{"line":27,"column":31},"end":{"line":27,"column":61}},"line":27}},"branchMap":{"0":{"loc":{"start":{"line":25,"column":26},"end":{"line":27,"column":62}},"type":"cond-expr","locations":[{"start":{"line":26,"column":5},"end":{"line":26,"column":14}},{"start":{"line":27,"column":5},"end":{"line":27,"column":62}}],"line":25}},"s":{"0":4,"1":14,"2":13,"3":13,"4":13,"5":13,"6":8,"7":13,"8":8,"9":8,"10":35,"11":8,"12":8,"13":13},"f":{"0":14,"1":8,"2":8,"3":35},"b":{"0":[7,1]},"_coverageSchema":"1a1c01bbd47fc00a2c39e90264f33305004495a9","hash":"0f685df49a128df18391082305a9ee441e4c8bb5"}
,"C:\\Users\\jorda\\Documents\\careerfoundry\\meet\\src\\api.js": {"path":"C:\\Users\\jorda\\Documents\\careerfoundry\\meet\\src\\api.js","statementMap":{"0":{"start":{"line":3,"column":17},"end":{"line":13,"column":1}},"1":{"start":{"line":4,"column":20},"end":{"line":4,"column":44}},"2":{"start":{"line":5,"column":18},"end":{"line":7,"column":2}},"3":{"start":{"line":8,"column":26},"end":{"line":8,"column":47}},"4":{"start":{"line":9,"column":1},"end":{"line":9,"column":68}},"5":{"start":{"line":12,"column":1},"end":{"line":12,"column":21}},"6":{"start":{"line":22,"column":32},"end":{"line":26,"column":1}},"7":{"start":{"line":23,"column":29},"end":{"line":23,"column":66}},"8":{"start":{"line":23,"column":51},"end":{"line":23,"column":65}},"9":{"start":{"line":24,"column":20},"end":{"line":24,"column":52}},"10":{"start":{"line":25,"column":2},"end":{"line":25,"column":19}},"11":{"start":{"line":28,"column":19},"end":{"line":34,"column":1}},"12":{"start":{"line":29,"column":18},"end":{"line":31,"column":2}},"13":{"start":{"line":32,"column":16},"end":{"line":32,"column":37}},"14":{"start":{"line":33,"column":1},"end":{"line":33,"column":15}},"15":{"start":{"line":40,"column":25},"end":{"line":72,"column":1}},"16":{"start":{"line":41,"column":1},"end":{"line":43,"column":2}},"17":{"start":{"line":42,"column":3},"end":{"line":42,"column":19}},"18":{"start":{"line":46,"column":15},"end":{"line":46,"column":37}},"19":{"start":{"line":48,"column":21},"end":{"line":61,"column":2}},"20":{"start":{"line":50,"column":2},"end":{"line":60,"column":3}},"21":{"start":{"line":51,"column":4},"end":{"line":55,"column":31}},"22":{"start":{"line":56,"column":4},"end":{"line":56,"column":45}},"23":{"start":{"line":58,"column":4},"end":{"line":58,"column":68}},"24":{"start":{"line":59,"column":4},"end":{"line":59,"column":45}},"25":{"start":{"line":63,"column":1},"end":{"line":71,"column":2}},"26":{"start":{"line":64,"column":3},"end":{"line":64,"column":17}},"27":{"start":{"line":65,"column":16},"end":{"line":65,"column":105}},"28":{"start":{"line":66,"column":20},"end":{"line":66,"column":36}},"29":{"start":{"line":67,"column":18},"end":{"line":67,"column":39}},"30":{"start":{"line":68,"column":3},"end":{"line":70,"column":22}},"31":{"start":{"line":69,"column":5},"end":{"line":69,"column":26}},"32":{"start":{"line":70,"column":10},"end":{"line":70,"column":22}},"33":{"start":{"line":74,"column":30},"end":{"line":94,"column":1}},"34":{"start":{"line":75,"column":21},"end":{"line":75,"column":57}},"35":{"start":{"line":76,"column":20},"end":{"line":76,"column":66}},"36":{"start":{"line":79,"column":1},"end":{"line":92,"column":2}},"37":{"start":{"line":80,"column":3},"end":{"line":80,"column":49}},"38":{"start":{"line":81,"column":24},"end":{"line":81,"column":67}},"39":{"start":{"line":82,"column":16},"end":{"line":82,"column":46}},"40":{"start":{"line":83,"column":3},"end":{"line":90,"column":4}},"41":{"start":{"line":84,"column":22},"end":{"line":86,"column":6}},"42":{"start":{"line":87,"column":20},"end":{"line":87,"column":41}},"43":{"start":{"line":88,"column":25},"end":{"line":88,"column":31}},"44":{"start":{"line":89,"column":5},"end":{"line":89,"column":45}},"45":{"start":{"line":91,"column":3},"end":{"line":91,"column":33}},"46":{"start":{"line":93,"column":1},"end":{"line":93,"column":20}}},"fnMap":{"0":{"name":"(anonymous_0)","decl":{"start":{"line":3,"column":17},"end":{"line":3,"column":18}},"loc":{"start":{"line":3,"column":33},"end":{"line":13,"column":1}},"line":3},"1":{"name":"(anonymous_1)","decl":{"start":{"line":22,"column":32},"end":{"line":22,"column":33}},"loc":{"start":{"line":22,"column":44},"end":{"line":26,"column":1}},"line":22},"2":{"name":"(anonymous_2)","decl":{"start":{"line":23,"column":40},"end":{"line":23,"column":41}},"loc":{"start":{"line":23,"column":51},"end":{"line":23,"column":65}},"line":23},"3":{"name":"(anonymous_3)","decl":{"start":{"line":28,"column":19},"end":{"line":28,"column":20}},"loc":{"start":{"line":28,"column":42},"end":{"line":34,"column":1}},"line":28},"4":{"name":"(anonymous_4)","decl":{"start":{"line":40,"column":25},"end":{"line":40,"column":26}},"loc":{"start":{"line":40,"column":37},"end":{"line":72,"column":1}},"line":40},"5":{"name":"(anonymous_5)","decl":{"start":{"line":48,"column":21},"end":{"line":48,"column":22}},"loc":{"start":{"line":48,"column":27},"end":{"line":61,"column":2}},"line":48},"6":{"name":"(anonymous_6)","decl":{"start":{"line":74,"column":30},"end":{"line":74,"column":31}},"loc":{"start":{"line":74,"column":42},"end":{"line":94,"column":1}},"line":74}},"branchMap":{"0":{"loc":{"start":{"line":9,"column":1},"end":{"line":9,"column":67}},"type":"binary-expr","locations":[{"start":{"line":9,"column":1},"end":{"line":9,"column":13}},{"start":{"line":9,"column":17},"end":{"line":9,"column":67}}],"line":9},"1":{"loc":{"start":{"line":41,"column":1},"end":{"line":43,"column":2}},"type":"if","locations":[{"start":{"line":41,"column":1},"end":{"line":43,"column":2}},{"start":{},"end":{}}],"line":41},"2":{"loc":{"start":{"line":50,"column":2},"end":{"line":60,"column":3}},"type":"if","locations":[{"start":{"line":50,"column":2},"end":{"line":60,"column":3}},{"start":{"line":57,"column":9},"end":{"line":60,"column":3}}],"line":50},"3":{"loc":{"start":{"line":50,"column":6},"end":{"line":50,"column":58}},"type":"binary-expr","locations":[{"start":{"line":50,"column":6},"end":{"line":50,"column":30}},{"start":{"line":50,"column":34},"end":{"line":50,"column":58}}],"line":50},"4":{"loc":{"start":{"line":63,"column":1},"end":{"line":71,"column":2}},"type":"if","locations":[{"start":{"line":63,"column":1},"end":{"line":71,"column":2}},{"start":{},"end":{}}],"line":63},"5":{"loc":{"start":{"line":68,"column":3},"end":{"line":70,"column":22}},"type":"if","locations":[{"start":{"line":68,"column":3},"end":{"line":70,"column":22}},{"start":{"line":70,"column":10},"end":{"line":70,"column":22}}],"line":68},"6":{"loc":{"start":{"line":76,"column":20},"end":{"line":76,"column":66}},"type":"binary-expr","locations":[{"start":{"line":76,"column":20},"end":{"line":76,"column":31}},{"start":{"line":76,"column":36},"end":{"line":76,"column":65}}],"line":76},"7":{"loc":{"start":{"line":79,"column":1},"end":{"line":92,"column":2}},"type":"if","locations":[{"start":{"line":79,"column":1},"end":{"line":92,"column":2}},{"start":{},"end":{}}],"line":79},"8":{"loc":{"start":{"line":79,"column":5},"end":{"line":79,"column":37}},"type":"binary-expr","locations":[{"start":{"line":79,"column":5},"end":{"line":79,"column":17}},{"start":{"line":79,"column":21},"end":{"line":79,"column":37}}],"line":79},"9":{"loc":{"start":{"line":83,"column":3},"end":{"line":90,"column":4}},"type":"if","locations":[{"start":{"line":83,"column":3},"end":{"line":90,"column":4}},{"start":{},"end":{}}],"line":83},"10":{"loc":{"start":{"line":91,"column":10},"end":{"line":91,"column":32}},"type":"binary-expr","locations":[{"start":{"line":91,"column":10},"end":{"line":91,"column":14}},{"start":{"line":91,"column":18},"end":{"line":91,"column":32}}],"line":91}},"s":{"0":5,"1":0,"2":0,"3":0,"4":0,"5":0,"6":5,"7":11,"8":385,"9":11,"10":11,"11":5,"12":0,"13":0,"14":0,"15":5,"16":14,"17":14,"18":0,"19":0,"20":0,"21":0,"22":0,"23":0,"24":0,"25":0,"26":0,"27":0,"28":0,"29":0,"30":0,"31":0,"32":0,"33":5,"34":0,"35":0,"36":0,"37":0,"38":0,"39":0,"40":0,"41":0,"42":0,"43":0,"44":0,"45":0,"46":0},"f":{"0":0,"1":11,"2":385,"3":0,"4":14,"5":0,"6":0},"b":{"0":[0,0],"1":[14,0],"2":[0,0],"3":[0,0],"4":[0,0],"5":[0,0],"6":[0,0],"7":[0,0],"8":[0,0],"9":[0,0],"10":[0,0]},"_coverageSchema":"1a1c01bbd47fc00a2c39e90264f33305004495a9","hash":"c7286b8ccbf6c714b741cc0917140c83115b8fab"}
,"C:\\Users\\jorda\\Documents\\careerfoundry\\meet\\src\\mock-data.js": {"path":"C:\\Users\\jorda\\Documents\\careerfoundry\\meet\\src\\mock-data.js","statementMap":{"0":{"start":{"line":1,"column":17},"end":{"line":1367,"column":2}}},"fnMap":{},"branchMap":{},"s":{"0":5},"f":{},"b":{},"_coverageSchema":"1a1c01bbd47fc00a2c39e90264f33305004495a9","hash":"2f6d2818ccafaea14a4b451393186ee13a13cf7b"}
,"C:\\Users\\jorda\\Documents\\careerfoundry\\meet\\src\\components\\CitySearch.jsx": {"path":"C:\\Users\\jorda\\Documents\\careerfoundry\\meet\\src\\components\\CitySearch.jsx","statementMap":{"0":{"start":{"line":3,"column":19},"end":{"line":52,"column":1}},"1":{"start":{"line":4,"column":48},"end":{"line":4,"column":63}},"2":{"start":{"line":5,"column":28},"end":{"line":5,"column":40}},"3":{"start":{"line":6,"column":40},"end":{"line":6,"column":52}},"4":{"start":{"line":8,"column":2},"end":{"line":10,"column":26}},"5":{"start":{"line":9,"column":4},"end":{"line":9,"column":33}},"6":{"start":{"line":12,"column":29},"end":{"line":20,"column":3}},"7":{"start":{"line":13,"column":18},"end":{"line":13,"column":36}},"8":{"start":{"line":14,"column":30},"end":{"line":16,"column":11}},"9":{"start":{"line":15,"column":6},"end":{"line":15,"column":70}},"10":{"start":{"line":18,"column":4},"end":{"line":18,"column":20}},"11":{"start":{"line":19,"column":4},"end":{"line":19,"column":38}},"12":{"start":{"line":22,"column":28},"end":{"line":27,"column":3}},"13":{"start":{"line":23,"column":18},"end":{"line":23,"column":42}},"14":{"start":{"line":24,"column":4},"end":{"line":24,"column":20}},"15":{"start":{"line":25,"column":4},"end":{"line":25,"column":30}},"16":{"start":{"line":26,"column":4},"end":{"line":26,"column":26}},"17":{"start":{"line":29,"column":2},"end":{"line":51,"column":3}},"18":{"start":{"line":36,"column":23},"end":{"line":36,"column":47}},"19":{"start":{"line":42,"column":12},"end":{"line":42,"column":85}}},"fnMap":{"0":{"name":"(anonymous_0)","decl":{"start":{"line":3,"column":19},"end":{"line":3,"column":20}},"loc":{"start":{"line":3,"column":57},"end":{"line":52,"column":1}},"line":3},"1":{"name":"(anonymous_1)","decl":{"start":{"line":8,"column":12},"end":{"line":8,"column":13}},"loc":{"start":{"line":8,"column":18},"end":{"line":10,"column":3}},"line":8},"2":{"name":"(anonymous_2)","decl":{"start":{"line":12,"column":29},"end":{"line":12,"column":30}},"loc":{"start":{"line":12,"column":40},"end":{"line":20,"column":3}},"line":12},"3":{"name":"(anonymous_3)","decl":{"start":{"line":14,"column":65},"end":{"line":14,"column":66}},"loc":{"start":{"line":14,"column":79},"end":{"line":16,"column":5}},"line":14},"4":{"name":"(anonymous_4)","decl":{"start":{"line":22,"column":28},"end":{"line":22,"column":29}},"loc":{"start":{"line":22,"column":39},"end":{"line":27,"column":3}},"line":22},"5":{"name":"(anonymous_5)","decl":{"start":{"line":36,"column":17},"end":{"line":36,"column":18}},"loc":{"start":{"line":36,"column":23},"end":{"line":36,"column":47}},"line":36},"6":{"name":"(anonymous_6)","decl":{"start":{"line":41,"column":27},"end":{"line":41,"column":28}},"loc":{"start":{"line":41,"column":43},"end":{"line":43,"column":11}},"line":41}},"branchMap":{"0":{"loc":{"start":{"line":14,"column":30},"end":{"line":16,"column":11}},"type":"cond-expr","locations":[{"start":{"line":14,"column":45},"end":{"line":16,"column":6}},{"start":{"line":16,"column":9},"end":{"line":16,"column":11}}],"line":14},"1":{"loc":{"start":{"line":39,"column":7},"end":{"line":48,"column":14}},"type":"cond-expr","locations":[{"start":{"line":40,"column":8},"end":{"line":47,"column":13}},{"start":{"line":48,"column":10},"end":{"line":48,"column":14}}],"line":39}},"s":{"0":4,"1":62,"2":62,"3":62,"4":62,"5":18,"6":62,"7":18,"8":18,"9":36,"10":18,"11":18,"12":62,"13":2,"14":2,"15":2,"16":2,"17":62,"18":5,"19":26},"f":{"0":62,"1":18,"2":18,"3":36,"4":2,"5":5,"6":26},"b":{"0":[18,0],"1":[24,38]},"_coverageSchema":"1a1c01bbd47fc00a2c39e90264f33305004495a9","hash":"66799cb961d0464a1396340e0324c3961b42d522"}
,"C:\\Users\\jorda\\Documents\\careerfoundry\\meet\\src\\components\\Event.jsx": {"path":"C:\\Users\\jorda\\Documents\\careerfoundry\\meet\\src\\components\\Event.jsx","statementMap":{"0":{"start":{"line":12,"column":14},"end":{"line":48,"column":1}},"1":{"start":{"line":13,"column":42},"end":{"line":13,"column":57}},"2":{"start":{"line":14,"column":26},"end":{"line":14,"column":57}},"3":{"start":{"line":14,"column":32},"end":{"line":14,"column":57}},"4":{"start":{"line":14,"column":54},"end":{"line":14,"column":56}},"5":{"start":{"line":15,"column":22},"end":{"line":15,"column":81}},"6":{"start":{"line":17,"column":4},"end":{"line":47,"column":6}}},"fnMap":{"0":{"name":"(anonymous_0)","decl":{"start":{"line":12,"column":14},"end":{"line":12,"column":15}},"loc":{"start":{"line":12,"column":29},"end":{"line":48,"column":1}},"line":12},"1":{"name":"(anonymous_1)","decl":{"start":{"line":14,"column":26},"end":{"line":14,"column":27}},"loc":{"start":{"line":14,"column":32},"end":{"line":14,"column":57}},"line":14},"2":{"name":"(anonymous_2)","decl":{"start":{"line":14,"column":47},"end":{"line":14,"column":48}},"loc":{"start":{"line":14,"column":54},"end":{"line":14,"column":56}},"line":14}},"branchMap":{"0":{"loc":{"start":{"line":15,"column":22},"end":{"line":15,"column":81}},"type":"cond-expr","locations":[{"start":{"line":15,"column":42},"end":{"line":15,"column":69}},{"start":{"line":15,"column":72},"end":{"line":15,"column":81}}],"line":15},"1":{"loc":{"start":{"line":15,"column":22},"end":{"line":15,"column":39}},"type":"binary-expr","locations":[{"start":{"line":15,"column":22},"end":{"line":15,"column":27}},{"start":{"line":15,"column":31},"end":{"line":15,"column":39}}],"line":15},"2":{"loc":{"start":{"line":18,"column":47},"end":{"line":18,"column":104}},"type":"cond-expr","locations":[{"start":{"line":18,"column":67},"end":{"line":18,"column":92}},{"start":{"line":18,"column":95},"end":{"line":18,"column":104}}],"line":18},"3":{"loc":{"start":{"line":18,"column":47},"end":{"line":18,"column":64}},"type":"binary-expr","locations":[{"start":{"line":18,"column":47},"end":{"line":18,"column":52}},{"start":{"line":18,"column":56},"end":{"line":18,"column":64}}],"line":18},"4":{"loc":{"start":{"line":19,"column":20},"end":{"line":19,"column":77}},"type":"cond-expr","locations":[{"start":{"line":19,"column":40},"end":{"line":19,"column":65}},{"start":{"line":19,"column":68},"end":{"line":19,"column":77}}],"line":19},"5":{"loc":{"start":{"line":19,"column":20},"end":{"line":19,"column":37}},"type":"binary-expr","locations":[{"start":{"line":19,"column":20},"end":{"line":19,"column":25}},{"start":{"line":19,"column":29},"end":{"line":19,"column":37}}],"line":19},"6":{"loc":{"start":{"line":19,"column":106},"end":{"line":19,"column":128}},"type":"binary-expr","locations":[{"start":{"line":19,"column":106},"end":{"line":19,"column":111}},{"start":{"line":19,"column":115},"end":{"line":19,"column":128}}],"line":19},"7":{"loc":{"start":{"line":21,"column":17},"end":{"line":21,"column":100}},"type":"binary-expr","locations":[{"start":{"line":21,"column":17},"end":{"line":21,"column":22}},{"start":{"line":21,"column":27},"end":{"line":21,"column":99}}],"line":21},"8":{"loc":{"start":{"line":21,"column":27},"end":{"line":21,"column":99}},"type":"cond-expr","locations":[{"start":{"line":21,"column":65},"end":{"line":21,"column":85}},{"start":{"line":21,"column":88},"end":{"line":21,"column":99}}],"line":21},"9":{"loc":{"start":{"line":21,"column":27},"end":{"line":21,"column":62}},"type":"binary-expr","locations":[{"start":{"line":21,"column":27},"end":{"line":21,"column":38}},{"start":{"line":21,"column":42},"end":{"line":21,"column":62}}],"line":21},"10":{"loc":{"start":{"line":22,"column":17},"end":{"line":24,"column":24}},"type":"cond-expr","locations":[{"start":{"line":23,"column":20},"end":{"line":23,"column":112}},{"start":{"line":24,"column":20},"end":{"line":24,"column":24}}],"line":22},"11":{"loc":{"start":{"line":22,"column":17},"end":{"line":22,"column":87}},"type":"binary-expr","locations":[{"start":{"line":22,"column":17},"end":{"line":22,"column":22}},{"start":{"line":22,"column":26},"end":{"line":22,"column":37}},{"start":{"line":22,"column":42},"end":{"line":22,"column":62}},{"start":{"line":22,"column":66},"end":{"line":22,"column":86}}],"line":22},"12":{"loc":{"start":{"line":23,"column":58},"end":{"line":23,"column":102}},"type":"binary-expr","locations":[{"start":{"line":23,"column":58},"end":{"line":23,"column":78}},{"start":{"line":23,"column":82},"end":{"line":23,"column":102}}],"line":23},"13":{"loc":{"start":{"line":26,"column":43},"end":{"line":26,"column":66}},"type":"binary-expr","locations":[{"start":{"line":26,"column":43},"end":{"line":26,"column":48}},{"start":{"line":26,"column":52},"end":{"line":26,"column":66}}],"line":26},"14":{"loc":{"start":{"line":34,"column":17},"end":{"line":34,"column":62}},"type":"cond-expr","locations":[{"start":{"line":34,"column":31},"end":{"line":34,"column":45}},{"start":{"line":34,"column":48},"end":{"line":34,"column":62}}],"line":34},"15":{"loc":{"start":{"line":37,"column":13},"end":{"line":45,"column":20}},"type":"cond-expr","locations":[{"start":{"line":38,"column":16},"end":{"line":44,"column":22}},{"start":{"line":45,"column":16},"end":{"line":45,"column":20}}],"line":37},"16":{"loc":{"start":{"line":37,"column":13},"end":{"line":37,"column":54}},"type":"binary-expr","locations":[{"start":{"line":37,"column":13},"end":{"line":37,"column":24}},{"start":{"line":37,"column":28},"end":{"line":37,"column":33}},{"start":{"line":37,"column":37},"end":{"line":37,"column":54}}],"line":37},"17":{"loc":{"start":{"line":38,"column":93},"end":{"line":38,"column":150}},"type":"cond-expr","locations":[{"start":{"line":38,"column":113},"end":{"line":38,"column":138}},{"start":{"line":38,"column":141},"end":{"line":38,"column":150}}],"line":38},"18":{"loc":{"start":{"line":38,"column":93},"end":{"line":38,"column":110}},"type":"binary-expr","locations":[{"start":{"line":38,"column":93},"end":{"line":38,"column":98}},{"start":{"line":38,"column":102},"end":{"line":38,"column":110}}],"line":38},"19":{"loc":{"start":{"line":40,"column":21},"end":{"line":42,"column":28}},"type":"cond-expr","locations":[{"start":{"line":41,"column":24},"end":{"line":41,"column":155}},{"start":{"line":42,"column":24},"end":{"line":42,"column":28}}],"line":40}},"s":{"0":5,"1":226,"2":226,"3":3,"4":3,"5":226,"6":226},"f":{"0":226,"1":3,"2":3},"b":{"0":[224,2],"1":[226,226],"2":[224,2],"3":[226,226],"4":[224,2],"5":[226,226],"6":[226,226],"7":[226,226],"8":[225,1],"9":[226,226],"10":[224,2],"11":[226,226,226,2],"12":[224,0],"13":[226,226],"14":[2,224],"15":[2,224],"16":[226,2,2],"17":[2,0],"18":[2,2],"19":[2,0]},"_coverageSchema":"1a1c01bbd47fc00a2c39e90264f33305004495a9","hash":"4224be6e0229b15605eaefcf5182847283a3af41"}
,"C:\\Users\\jorda\\Documents\\careerfoundry\\meet\\src\\components\\EventList.jsx": {"path":"C:\\Users\\jorda\\Documents\\careerfoundry\\meet\\src\\components\\EventList.jsx","statementMap":{"0":{"start":{"line":12,"column":18},"end":{"line":20,"column":1}},"1":{"start":{"line":13,"column":1},"end":{"line":19,"column":3}},"2":{"start":{"line":16,"column":27},"end":{"line":16,"column":65}}},"fnMap":{"0":{"name":"(anonymous_0)","decl":{"start":{"line":12,"column":18},"end":{"line":12,"column":19}},"loc":{"start":{"line":12,"column":34},"end":{"line":20,"column":1}},"line":12},"1":{"name":"(anonymous_1)","decl":{"start":{"line":16,"column":18},"end":{"line":16,"column":19}},"loc":{"start":{"line":16,"column":27},"end":{"line":16,"column":65}},"line":16}},"branchMap":{"0":{"loc":{"start":{"line":15,"column":6},"end":{"line":17,"column":11}},"type":"cond-expr","locations":[{"start":{"line":16,"column":7},"end":{"line":16,"column":66}},{"start":{"line":17,"column":7},"end":{"line":17,"column":11}}],"line":15}},"s":{"0":4,"1":16,"2":212},"f":{"0":16,"1":212},"b":{"0":[14,2]},"_coverageSchema":"1a1c01bbd47fc00a2c39e90264f33305004495a9","hash":"e81511474cb7245dc1fb7717d05e713fa4f81ef9"}
,"C:\\Users\\jorda\\Documents\\careerfoundry\\meet\\src\\components\\NumberOfEvents.jsx": {"path":"C:\\Users\\jorda\\Documents\\careerfoundry\\meet\\src\\components\\NumberOfEvents.jsx","statementMap":{"0":{"start":{"line":15,"column":23},"end":{"line":60,"column":1}},"1":{"start":{"line":16,"column":30},"end":{"line":16,"column":58}},"2":{"start":{"line":18,"column":4},"end":{"line":20,"column":21}},"3":{"start":{"line":19,"column":8},"end":{"line":19,"column":37}},"4":{"start":{"line":22,"column":25},"end":{"line":43,"column":5}},"5":{"start":{"line":23,"column":21},"end":{"line":23,"column":35}},"6":{"start":{"line":24,"column":8},"end":{"line":24,"column":23}},"7":{"start":{"line":27,"column":24},"end":{"line":27,"column":35}},"8":{"start":{"line":28,"column":20},"end":{"line":28,"column":58}},"9":{"start":{"line":31,"column":8},"end":{"line":33,"column":9}},"10":{"start":{"line":32,"column":12},"end":{"line":32,"column":43}},"11":{"start":{"line":36,"column":26},"end":{"line":38,"column":16}},"12":{"start":{"line":40,"column":8},"end":{"line":42,"column":9}},"13":{"start":{"line":41,"column":12},"end":{"line":41,"column":37}},"14":{"start":{"line":45,"column":4},"end":{"line":59,"column":6}}},"fnMap":{"0":{"name":"(anonymous_0)","decl":{"start":{"line":15,"column":23},"end":{"line":15,"column":24}},"loc":{"start":{"line":15,"column":100},"end":{"line":60,"column":1}},"line":15},"1":{"name":"(anonymous_1)","decl":{"start":{"line":15,"column":59},"end":{"line":15,"column":60}},"loc":{"start":{"line":15,"column":65},"end":{"line":15,"column":67}},"line":15},"2":{"name":"(anonymous_2)","decl":{"start":{"line":15,"column":85},"end":{"line":15,"column":86}},"loc":{"start":{"line":15,"column":91},"end":{"line":15,"column":93}},"line":15},"3":{"name":"(anonymous_3)","decl":{"start":{"line":18,"column":14},"end":{"line":18,"column":15}},"loc":{"start":{"line":18,"column":20},"end":{"line":20,"column":5}},"line":18},"4":{"name":"(anonymous_4)","decl":{"start":{"line":22,"column":25},"end":{"line":22,"column":26}},"loc":{"start":{"line":22,"column":32},"end":{"line":43,"column":5}},"line":22}},"branchMap":{"0":{"loc":{"start":{"line":15,"column":26},"end":{"line":15,"column":41}},"type":"default-arg","locations":[{"start":{"line":15,"column":39},"end":{"line":15,"column":41}}],"line":15},"1":{"loc":{"start":{"line":15,"column":43},"end":{"line":15,"column":67}},"type":"default-arg","locations":[{"start":{"line":15,"column":59},"end":{"line":15,"column":67}}],"line":15},"2":{"loc":{"start":{"line":15,"column":69},"end":{"line":15,"column":93}},"type":"default-arg","locations":[{"start":{"line":15,"column":85},"end":{"line":15,"column":93}}],"line":15},"3":{"loc":{"start":{"line":28,"column":20},"end":{"line":28,"column":58}},"type":"cond-expr","locations":[{"start":{"line":28,"column":37},"end":{"line":28,"column":40}},{"start":{"line":28,"column":43},"end":{"line":28,"column":58}}],"line":28},"4":{"loc":{"start":{"line":31,"column":8},"end":{"line":33,"column":9}},"type":"if","locations":[{"start":{"line":31,"column":8},"end":{"line":33,"column":9}},{"start":{},"end":{}}],"line":31},"5":{"loc":{"start":{"line":31,"column":12},"end":{"line":31,"column":72}},"type":"binary-expr","locations":[{"start":{"line":31,"column":12},"end":{"line":31,"column":33}},{"start":{"line":31,"column":37},"end":{"line":31,"column":72}}],"line":31},"6":{"loc":{"start":{"line":36,"column":26},"end":{"line":38,"column":16}},"type":"cond-expr","locations":[{"start":{"line":37,"column":14},"end":{"line":37,"column":55}},{"start":{"line":38,"column":14},"end":{"line":38,"column":16}}],"line":36},"7":{"loc":{"start":{"line":36,"column":26},"end":{"line":36,"column":85}},"type":"binary-expr","locations":[{"start":{"line":36,"column":26},"end":{"line":36,"column":40}},{"start":{"line":36,"column":44},"end":{"line":36,"column":61}},{"start":{"line":36,"column":65},"end":{"line":36,"column":72}},{"start":{"line":36,"column":76},"end":{"line":36,"column":85}}],"line":36},"8":{"loc":{"start":{"line":40,"column":8},"end":{"line":42,"column":9}},"type":"if","locations":[{"start":{"line":40,"column":8},"end":{"line":42,"column":9}},{"start":{},"end":{}}],"line":40}},"s":{"0":4,"1":34,"2":34,"3":13,"4":34,"5":12,"6":12,"7":12,"8":12,"9":12,"10":8,"11":12,"12":12,"13":12,"14":34},"f":{"0":34,"1":5,"2":12,"3":13,"4":12},"b":{"0":[34],"1":[27],"2":[34],"3":[4,8],"4":[8,4],"5":[12,8],"6":[4,8],"7":[12,8,8,8],"8":[12,0]},"_coverageSchema":"1a1c01bbd47fc00a2c39e90264f33305004495a9","hash":"271990524a303c0c9591845bc605bf6262505600"}
}
