{"C:\\Users\\jorda\\Documents\\careerfoundry\\meet\\src\\App.jsx": {"path":"C:\\Users\\jorda\\Documents\\careerfoundry\\meet\\src\\App.jsx","statementMap":{"0":{"start":{"line":16,"column":12},"end":{"line":33,"column":1}},"1":{"start":{"line":17,"column":30},"end":{"line":17,"column":42}},"2":{"start":{"line":18,"column":38},"end":{"line":18,"column":50}},"3":{"start":{"line":20,"column":2},"end":{"line":22,"column":9}},"4":{"start":{"line":21,"column":4},"end":{"line":21,"column":46}},"5":{"start":{"line":21,"column":29},"end":{"line":21,"column":44}},"6":{"start":{"line":24,"column":26},"end":{"line":24,"column":53}},"7":{"start":{"line":26,"column":2},"end":{"line":32,"column":4}}},"fnMap":{"0":{"name":"(anonymous_0)","decl":{"start":{"line":16,"column":12},"end":{"line":16,"column":13}},"loc":{"start":{"line":16,"column":18},"end":{"line":33,"column":1}},"line":16},"1":{"name":"(anonymous_1)","decl":{"start":{"line":20,"column":12},"end":{"line":20,"column":13}},"loc":{"start":{"line":20,"column":18},"end":{"line":22,"column":3}},"line":20},"2":{"name":"(anonymous_2)","decl":{"start":{"line":21,"column":21},"end":{"line":21,"column":22}},"loc":{"start":{"line":21,"column":29},"end":{"line":21,"column":44}},"line":21}},"branchMap":{},"s":{"0":2,"1":8,"2":7,"3":7,"4":4,"5":4,"6":7,"7":7},"f":{"0":8,"1":4,"2":4},"b":{},"_coverageSchema":"1a1c01bbd47fc00a2c39e90264f33305004495a9","hash":"799a03b3efccb5389528eb55f057b8eaa4e0b792"}
,"C:\\Users\\jorda\\Documents\\careerfoundry\\meet\\src\\api.js": {"path":"C:\\Users\\jorda\\Documents\\careerfoundry\\meet\\src\\api.js","statementMap":{"0":{"start":{"line":11,"column":32},"end":{"line":15,"column":1}},"1":{"start":{"line":12,"column":29},"end":{"line":12,"column":66}},"2":{"start":{"line":12,"column":51},"end":{"line":12,"column":65}},"3":{"start":{"line":13,"column":20},"end":{"line":13,"column":52}},"4":{"start":{"line":14,"column":2},"end":{"line":14,"column":19}},"5":{"start":{"line":22,"column":25},"end":{"line":24,"column":1}},"6":{"start":{"line":23,"column":2},"end":{"line":23,"column":18}}},"fnMap":{"0":{"name":"(anonymous_0)","decl":{"start":{"line":11,"column":32},"end":{"line":11,"column":33}},"loc":{"start":{"line":11,"column":44},"end":{"line":15,"column":1}},"line":11},"1":{"name":"(anonymous_1)","decl":{"start":{"line":12,"column":40},"end":{"line":12,"column":41}},"loc":{"start":{"line":12,"column":51},"end":{"line":12,"column":65}},"line":12},"2":{"name":"(anonymous_2)","decl":{"start":{"line":22,"column":25},"end":{"line":22,"column":26}},"loc":{"start":{"line":22,"column":37},"end":{"line":24,"column":1}},"line":22}},"branchMap":{},"s":{"0":5,"1":2,"2":70,"3":2,"4":2,"5":5,"6":8},"f":{"0":2,"1":70,"2":8},"b":{},"_coverageSchema":"1a1c01bbd47fc00a2c39e90264f33305004495a9","hash":"94e99c7d7f610942d09cd612c253dbf10118dcfa"}
,"C:\\Users\\jorda\\Documents\\careerfoundry\\meet\\src\\mock-data.js": {"path":"C:\\Users\\jorda\\Documents\\careerfoundry\\meet\\src\\mock-data.js","statementMap":{"0":{"start":{"line":1,"column":17},"end":{"line":1367,"column":2}}},"fnMap":{},"branchMap":{},"s":{"0":5},"f":{},"b":{},"_coverageSchema":"1a1c01bbd47fc00a2c39e90264f33305004495a9","hash":"2f6d2818ccafaea14a4b451393186ee13a13cf7b"}
,"C:\\Users\\jorda\\Documents\\careerfoundry\\meet\\src\\components\\CitySearch.jsx": {"path":"C:\\Users\\jorda\\Documents\\careerfoundry\\meet\\src\\components\\CitySearch.jsx","statementMap":{"0":{"start":{"line":4,"column":19},"end":{"line":48,"column":1}},"1":{"start":{"line":5,"column":48},"end":{"line":5,"column":63}},"2":{"start":{"line":6,"column":28},"end":{"line":6,"column":40}},"3":{"start":{"line":7,"column":40},"end":{"line":7,"column":52}},"4":{"start":{"line":9,"column":29},"end":{"line":17,"column":3}},"5":{"start":{"line":10,"column":18},"end":{"line":10,"column":36}},"6":{"start":{"line":11,"column":30},"end":{"line":13,"column":11}},"7":{"start":{"line":12,"column":6},"end":{"line":12,"column":70}},"8":{"start":{"line":15,"column":4},"end":{"line":15,"column":20}},"9":{"start":{"line":16,"column":4},"end":{"line":16,"column":38}},"10":{"start":{"line":19,"column":28},"end":{"line":23,"column":3}},"11":{"start":{"line":20,"column":18},"end":{"line":20,"column":42}},"12":{"start":{"line":21,"column":4},"end":{"line":21,"column":20}},"13":{"start":{"line":22,"column":4},"end":{"line":22,"column":30}},"14":{"start":{"line":25,"column":2},"end":{"line":47,"column":3}},"15":{"start":{"line":32,"column":23},"end":{"line":32,"column":47}},"16":{"start":{"line":38,"column":12},"end":{"line":38,"column":85}}},"fnMap":{"0":{"name":"(anonymous_0)","decl":{"start":{"line":4,"column":19},"end":{"line":4,"column":20}},"loc":{"start":{"line":4,"column":41},"end":{"line":48,"column":1}},"line":4},"1":{"name":"(anonymous_1)","decl":{"start":{"line":9,"column":29},"end":{"line":9,"column":30}},"loc":{"start":{"line":9,"column":40},"end":{"line":17,"column":3}},"line":9},"2":{"name":"(anonymous_2)","decl":{"start":{"line":11,"column":65},"end":{"line":11,"column":66}},"loc":{"start":{"line":11,"column":79},"end":{"line":13,"column":5}},"line":11},"3":{"name":"(anonymous_3)","decl":{"start":{"line":19,"column":28},"end":{"line":19,"column":29}},"loc":{"start":{"line":19,"column":39},"end":{"line":23,"column":3}},"line":19},"4":{"name":"(anonymous_4)","decl":{"start":{"line":32,"column":17},"end":{"line":32,"column":18}},"loc":{"start":{"line":32,"column":23},"end":{"line":32,"column":47}},"line":32},"5":{"name":"(anonymous_5)","decl":{"start":{"line":37,"column":27},"end":{"line":37,"column":28}},"loc":{"start":{"line":37,"column":43},"end":{"line":39,"column":11}},"line":37}},"branchMap":{"0":{"loc":{"start":{"line":11,"column":30},"end":{"line":13,"column":11}},"type":"cond-expr","locations":[{"start":{"line":11,"column":45},"end":{"line":13,"column":6}},{"start":{"line":13,"column":9},"end":{"line":13,"column":11}}],"line":11},"1":{"loc":{"start":{"line":35,"column":7},"end":{"line":44,"column":14}},"type":"cond-expr","locations":[{"start":{"line":36,"column":8},"end":{"line":43,"column":13}},{"start":{"line":44,"column":10},"end":{"line":44,"column":14}}],"line":35}},"s":{"0":3,"1":30,"2":30,"3":30,"4":30,"5":12,"6":12,"7":24,"8":12,"9":12,"10":30,"11":1,"12":1,"13":1,"14":30,"15":3,"16":12},"f":{"0":30,"1":12,"2":24,"3":1,"4":3,"5":12},"b":{"0":[12,0],"1":[15,15]},"_coverageSchema":"1a1c01bbd47fc00a2c39e90264f33305004495a9","hash":"6ae8910705562058e526a7a31be019a425232988"}
,"C:\\Users\\jorda\\Documents\\careerfoundry\\meet\\src\\components\\Event.jsx": {"path":"C:\\Users\\jorda\\Documents\\careerfoundry\\meet\\src\\components\\Event.jsx","statementMap":{"0":{"start":{"line":12,"column":14},"end":{"line":48,"column":1}},"1":{"start":{"line":13,"column":42},"end":{"line":13,"column":57}},"2":{"start":{"line":14,"column":26},"end":{"line":14,"column":57}},"3":{"start":{"line":14,"column":32},"end":{"line":14,"column":57}},"4":{"start":{"line":14,"column":54},"end":{"line":14,"column":56}},"5":{"start":{"line":15,"column":22},"end":{"line":15,"column":81}},"6":{"start":{"line":17,"column":4},"end":{"line":47,"column":6}}},"fnMap":{"0":{"name":"(anonymous_0)","decl":{"start":{"line":12,"column":14},"end":{"line":12,"column":15}},"loc":{"start":{"line":12,"column":29},"end":{"line":48,"column":1}},"line":12},"1":{"name":"(anonymous_1)","decl":{"start":{"line":14,"column":26},"end":{"line":14,"column":27}},"loc":{"start":{"line":14,"column":32},"end":{"line":14,"column":57}},"line":14},"2":{"name":"(anonymous_2)","decl":{"start":{"line":14,"column":47},"end":{"line":14,"column":48}},"loc":{"start":{"line":14,"column":54},"end":{"line":14,"column":56}},"line":14}},"branchMap":{"0":{"loc":{"start":{"line":15,"column":22},"end":{"line":15,"column":81}},"type":"cond-expr","locations":[{"start":{"line":15,"column":42},"end":{"line":15,"column":69}},{"start":{"line":15,"column":72},"end":{"line":15,"column":81}}],"line":15},"1":{"loc":{"start":{"line":15,"column":22},"end":{"line":15,"column":39}},"type":"binary-expr","locations":[{"start":{"line":15,"column":22},"end":{"line":15,"column":27}},{"start":{"line":15,"column":31},"end":{"line":15,"column":39}}],"line":15},"2":{"loc":{"start":{"line":18,"column":47},"end":{"line":18,"column":104}},"type":"cond-expr","locations":[{"start":{"line":18,"column":67},"end":{"line":18,"column":92}},{"start":{"line":18,"column":95},"end":{"line":18,"column":104}}],"line":18},"3":{"loc":{"start":{"line":18,"column":47},"end":{"line":18,"column":64}},"type":"binary-expr","locations":[{"start":{"line":18,"column":47},"end":{"line":18,"column":52}},{"start":{"line":18,"column":56},"end":{"line":18,"column":64}}],"line":18},"4":{"loc":{"start":{"line":19,"column":20},"end":{"line":19,"column":77}},"type":"cond-expr","locations":[{"start":{"line":19,"column":40},"end":{"line":19,"column":65}},{"start":{"line":19,"column":68},"end":{"line":19,"column":77}}],"line":19},"5":{"loc":{"start":{"line":19,"column":20},"end":{"line":19,"column":37}},"type":"binary-expr","locations":[{"start":{"line":19,"column":20},"end":{"line":19,"column":25}},{"start":{"line":19,"column":29},"end":{"line":19,"column":37}}],"line":19},"6":{"loc":{"start":{"line":19,"column":106},"end":{"line":19,"column":128}},"type":"binary-expr","locations":[{"start":{"line":19,"column":106},"end":{"line":19,"column":111}},{"start":{"line":19,"column":115},"end":{"line":19,"column":128}}],"line":19},"7":{"loc":{"start":{"line":21,"column":17},"end":{"line":21,"column":100}},"type":"binary-expr","locations":[{"start":{"line":21,"column":17},"end":{"line":21,"column":22}},{"start":{"line":21,"column":27},"end":{"line":21,"column":99}}],"line":21},"8":{"loc":{"start":{"line":21,"column":27},"end":{"line":21,"column":99}},"type":"cond-expr","locations":[{"start":{"line":21,"column":65},"end":{"line":21,"column":85}},{"start":{"line":21,"column":88},"end":{"line":21,"column":99}}],"line":21},"9":{"loc":{"start":{"line":21,"column":27},"end":{"line":21,"column":62}},"type":"binary-expr","locations":[{"start":{"line":21,"column":27},"end":{"line":21,"column":38}},{"start":{"line":21,"column":42},"end":{"line":21,"column":62}}],"line":21},"10":{"loc":{"start":{"line":22,"column":17},"end":{"line":24,"column":24}},"type":"cond-expr","locations":[{"start":{"line":23,"column":20},"end":{"line":23,"column":112}},{"start":{"line":24,"column":20},"end":{"line":24,"column":24}}],"line":22},"11":{"loc":{"start":{"line":22,"column":17},"end":{"line":22,"column":87}},"type":"binary-expr","locations":[{"start":{"line":22,"column":17},"end":{"line":22,"column":22}},{"start":{"line":22,"column":26},"end":{"line":22,"column":37}},{"start":{"line":22,"column":42},"end":{"line":22,"column":62}},{"start":{"line":22,"column":66},"end":{"line":22,"column":86}}],"line":22},"12":{"loc":{"start":{"line":23,"column":58},"end":{"line":23,"column":102}},"type":"binary-expr","locations":[{"start":{"line":23,"column":58},"end":{"line":23,"column":78}},{"start":{"line":23,"column":82},"end":{"line":23,"column":102}}],"line":23},"13":{"loc":{"start":{"line":26,"column":43},"end":{"line":26,"column":66}},"type":"binary-expr","locations":[{"start":{"line":26,"column":43},"end":{"line":26,"column":48}},{"start":{"line":26,"column":52},"end":{"line":26,"column":66}}],"line":26},"14":{"loc":{"start":{"line":34,"column":17},"end":{"line":34,"column":62}},"type":"cond-expr","locations":[{"start":{"line":34,"column":31},"end":{"line":34,"column":45}},{"start":{"line":34,"column":48},"end":{"line":34,"column":62}}],"line":34},"15":{"loc":{"start":{"line":37,"column":13},"end":{"line":45,"column":20}},"type":"cond-expr","locations":[{"start":{"line":38,"column":16},"end":{"line":44,"column":22}},{"start":{"line":45,"column":16},"end":{"line":45,"column":20}}],"line":37},"16":{"loc":{"start":{"line":37,"column":13},"end":{"line":37,"column":54}},"type":"binary-expr","locations":[{"start":{"line":37,"column":13},"end":{"line":37,"column":24}},{"start":{"line":37,"column":28},"end":{"line":37,"column":33}},{"start":{"line":37,"column":37},"end":{"line":37,"column":54}}],"line":37},"17":{"loc":{"start":{"line":38,"column":93},"end":{"line":38,"column":150}},"type":"cond-expr","locations":[{"start":{"line":38,"column":113},"end":{"line":38,"column":138}},{"start":{"line":38,"column":141},"end":{"line":38,"column":150}}],"line":38},"18":{"loc":{"start":{"line":38,"column":93},"end":{"line":38,"column":110}},"type":"binary-expr","locations":[{"start":{"line":38,"column":93},"end":{"line":38,"column":98}},{"start":{"line":38,"column":102},"end":{"line":38,"column":110}}],"line":38},"19":{"loc":{"start":{"line":40,"column":21},"end":{"line":42,"column":28}},"type":"cond-expr","locations":[{"start":{"line":41,"column":24},"end":{"line":41,"column":155}},{"start":{"line":42,"column":24},"end":{"line":42,"column":28}}],"line":40}},"s":{"0":4,"1":90,"2":90,"3":3,"4":3,"5":90,"6":90},"f":{"0":90,"1":3,"2":3},"b":{"0":[88,2],"1":[90,90],"2":[88,2],"3":[90,90],"4":[88,2],"5":[90,90],"6":[90,90],"7":[90,90],"8":[89,1],"9":[90,90],"10":[88,2],"11":[90,90,90,2],"12":[88,0],"13":[90,90],"14":[2,88],"15":[2,88],"16":[90,2,2],"17":[2,0],"18":[2,2],"19":[2,0]},"_coverageSchema":"1a1c01bbd47fc00a2c39e90264f33305004495a9","hash":"4224be6e0229b15605eaefcf5182847283a3af41"}
,"C:\\Users\\jorda\\Documents\\careerfoundry\\meet\\src\\components\\EventList.jsx": {"path":"C:\\Users\\jorda\\Documents\\careerfoundry\\meet\\src\\components\\EventList.jsx","statementMap":{"0":{"start":{"line":12,"column":18},"end":{"line":20,"column":1}},"1":{"start":{"line":13,"column":1},"end":{"line":19,"column":3}},"2":{"start":{"line":16,"column":27},"end":{"line":16,"column":65}}},"fnMap":{"0":{"name":"(anonymous_0)","decl":{"start":{"line":12,"column":18},"end":{"line":12,"column":19}},"loc":{"start":{"line":12,"column":34},"end":{"line":20,"column":1}},"line":12},"1":{"name":"(anonymous_1)","decl":{"start":{"line":16,"column":18},"end":{"line":16,"column":19}},"loc":{"start":{"line":16,"column":27},"end":{"line":16,"column":65}},"line":16}},"branchMap":{"0":{"loc":{"start":{"line":15,"column":6},"end":{"line":17,"column":11}},"type":"cond-expr","locations":[{"start":{"line":16,"column":7},"end":{"line":16,"column":66}},{"start":{"line":17,"column":7},"end":{"line":17,"column":11}}],"line":15}},"s":{"0":3,"1":10,"2":76},"f":{"0":10,"1":76},"b":{"0":[8,2]},"_coverageSchema":"1a1c01bbd47fc00a2c39e90264f33305004495a9","hash":"e81511474cb7245dc1fb7717d05e713fa4f81ef9"}
,"C:\\Users\\jorda\\Documents\\careerfoundry\\meet\\src\\components\\NumberOfEvents.jsx": {"path":"C:\\Users\\jorda\\Documents\\careerfoundry\\meet\\src\\components\\NumberOfEvents.jsx","statementMap":{"0":{"start":{"line":15,"column":23},"end":{"line":60,"column":1}},"1":{"start":{"line":16,"column":30},"end":{"line":16,"column":58}},"2":{"start":{"line":18,"column":4},"end":{"line":20,"column":21}},"3":{"start":{"line":19,"column":8},"end":{"line":19,"column":37}},"4":{"start":{"line":22,"column":25},"end":{"line":43,"column":5}},"5":{"start":{"line":23,"column":21},"end":{"line":23,"column":35}},"6":{"start":{"line":24,"column":8},"end":{"line":24,"column":23}},"7":{"start":{"line":27,"column":24},"end":{"line":27,"column":35}},"8":{"start":{"line":28,"column":20},"end":{"line":28,"column":58}},"9":{"start":{"line":31,"column":8},"end":{"line":33,"column":9}},"10":{"start":{"line":32,"column":12},"end":{"line":32,"column":43}},"11":{"start":{"line":36,"column":26},"end":{"line":38,"column":16}},"12":{"start":{"line":40,"column":8},"end":{"line":42,"column":9}},"13":{"start":{"line":41,"column":12},"end":{"line":41,"column":37}},"14":{"start":{"line":45,"column":4},"end":{"line":59,"column":6}}},"fnMap":{"0":{"name":"(anonymous_0)","decl":{"start":{"line":15,"column":23},"end":{"line":15,"column":24}},"loc":{"start":{"line":15,"column":100},"end":{"line":60,"column":1}},"line":15},"1":{"name":"(anonymous_1)","decl":{"start":{"line":15,"column":59},"end":{"line":15,"column":60}},"loc":{"start":{"line":15,"column":65},"end":{"line":15,"column":67}},"line":15},"2":{"name":"(anonymous_2)","decl":{"start":{"line":15,"column":85},"end":{"line":15,"column":86}},"loc":{"start":{"line":15,"column":91},"end":{"line":15,"column":93}},"line":15},"3":{"name":"(anonymous_3)","decl":{"start":{"line":18,"column":14},"end":{"line":18,"column":15}},"loc":{"start":{"line":18,"column":20},"end":{"line":20,"column":5}},"line":18},"4":{"name":"(anonymous_4)","decl":{"start":{"line":22,"column":25},"end":{"line":22,"column":26}},"loc":{"start":{"line":22,"column":32},"end":{"line":43,"column":5}},"line":22}},"branchMap":{"0":{"loc":{"start":{"line":15,"column":26},"end":{"line":15,"column":41}},"type":"default-arg","locations":[{"start":{"line":15,"column":39},"end":{"line":15,"column":41}}],"line":15},"1":{"loc":{"start":{"line":15,"column":43},"end":{"line":15,"column":67}},"type":"default-arg","locations":[{"start":{"line":15,"column":59},"end":{"line":15,"column":67}}],"line":15},"2":{"loc":{"start":{"line":15,"column":69},"end":{"line":15,"column":93}},"type":"default-arg","locations":[{"start":{"line":15,"column":85},"end":{"line":15,"column":93}}],"line":15},"3":{"loc":{"start":{"line":28,"column":20},"end":{"line":28,"column":58}},"type":"cond-expr","locations":[{"start":{"line":28,"column":37},"end":{"line":28,"column":40}},{"start":{"line":28,"column":43},"end":{"line":28,"column":58}}],"line":28},"4":{"loc":{"start":{"line":31,"column":8},"end":{"line":33,"column":9}},"type":"if","locations":[{"start":{"line":31,"column":8},"end":{"line":33,"column":9}},{"start":{},"end":{}}],"line":31},"5":{"loc":{"start":{"line":31,"column":12},"end":{"line":31,"column":72}},"type":"binary-expr","locations":[{"start":{"line":31,"column":12},"end":{"line":31,"column":33}},{"start":{"line":31,"column":37},"end":{"line":31,"column":72}}],"line":31},"6":{"loc":{"start":{"line":36,"column":26},"end":{"line":38,"column":16}},"type":"cond-expr","locations":[{"start":{"line":37,"column":14},"end":{"line":37,"column":55}},{"start":{"line":38,"column":14},"end":{"line":38,"column":16}}],"line":36},"7":{"loc":{"start":{"line":36,"column":26},"end":{"line":36,"column":85}},"type":"binary-expr","locations":[{"start":{"line":36,"column":26},"end":{"line":36,"column":40}},{"start":{"line":36,"column":44},"end":{"line":36,"column":61}},{"start":{"line":36,"column":65},"end":{"line":36,"column":72}},{"start":{"line":36,"column":76},"end":{"line":36,"column":85}}],"line":36},"8":{"loc":{"start":{"line":40,"column":8},"end":{"line":42,"column":9}},"type":"if","locations":[{"start":{"line":40,"column":8},"end":{"line":42,"column":9}},{"start":{},"end":{}}],"line":40}},"s":{"0":2,"1":28,"2":28,"3":12,"4":28,"5":12,"6":12,"7":12,"8":12,"9":12,"10":8,"11":12,"12":12,"13":12,"14":28},"f":{"0":28,"1":3,"2":12,"3":12,"4":12},"b":{"0":[18],"1":[11],"2":[28],"3":[4,8],"4":[8,4],"5":[12,8],"6":[4,8],"7":[12,8,8,8],"8":[12,0]},"_coverageSchema":"1a1c01bbd47fc00a2c39e90264f33305004495a9","hash":"271990524a303c0c9591845bc605bf6262505600"}
}
