TN:
SF:src\App.jsx
FN:12,(anonymous_0)
FN:18,(anonymous_1)
FN:23,(anonymous_2)
FN:27,(anonymous_3)
FNF:4
FNH:4
FNDA:14,(anonymous_0)
FNDA:8,(anonymous_1)
FNDA:8,(anonymous_2)
FNDA:35,(anonymous_3)
DA:12,4
DA:13,14
DA:14,13
DA:15,13
DA:16,13
DA:18,13
DA:19,8
DA:23,13
DA:24,8
DA:25,8
DA:27,35
DA:28,8
DA:29,8
DA:33,13
LF:14
LH:14
BRDA:25,0,0,7
BRDA:25,0,1,1
BRF:2
BRH:2
end_of_record
TN:
SF:src\api.js
FN:10,(anonymous_0)
FN:11,(anonymous_1)
FN:21,(anonymous_2)
FNF:3
FNH:3
FNDA:11,(anonymous_0)
FNDA:385,(anonymous_1)
FNDA:14,(anonymous_2)
DA:10,5
DA:11,385
DA:12,11
DA:13,11
DA:21,5
DA:22,14
LF:6
LH:6
BRF:0
BRH:0
end_of_record
TN:
SF:src\mock-data.js
FNF:0
FNH:0
DA:1,5
LF:1
LH:1
BRF:0
BRH:0
end_of_record
TN:
SF:src\components\CitySearch.jsx
FN:3,(anonymous_0)
FN:8,(anonymous_1)
FN:12,(anonymous_2)
FN:14,(anonymous_3)
FN:22,(anonymous_4)
FN:36,(anonymous_5)
FN:41,(anonymous_6)
FNF:7
FNH:7
FNDA:62,(anonymous_0)
FNDA:18,(anonymous_1)
FNDA:18,(anonymous_2)
FNDA:36,(anonymous_3)
FNDA:2,(anonymous_4)
FNDA:5,(anonymous_5)
FNDA:26,(anonymous_6)
DA:3,4
DA:4,62
DA:5,62
DA:6,62
DA:8,62
DA:9,18
DA:12,62
DA:13,18
DA:14,18
DA:15,36
DA:18,18
DA:19,18
DA:22,62
DA:23,2
DA:24,2
DA:25,2
DA:26,2
DA:29,62
DA:36,5
DA:42,26
LF:20
LH:20
BRDA:14,0,0,18
BRDA:14,0,1,0
BRDA:39,1,0,24
BRDA:39,1,1,38
BRF:4
BRH:3
end_of_record
TN:
SF:src\components\Event.jsx
FN:12,(anonymous_0)
FN:14,(anonymous_1)
FN:14,(anonymous_2)
FNF:3
FNH:3
FNDA:226,(anonymous_0)
FNDA:3,(anonymous_1)
FNDA:3,(anonymous_2)
DA:12,5
DA:13,226
DA:14,226
DA:15,226
DA:17,226
LF:5
LH:5
BRDA:15,0,0,224
BRDA:15,0,1,2
BRDA:15,1,0,226
BRDA:15,1,1,226
BRDA:18,2,0,224
BRDA:18,2,1,2
BRDA:18,3,0,226
BRDA:18,3,1,226
BRDA:19,4,0,224
BRDA:19,4,1,2
BRDA:19,5,0,226
BRDA:19,5,1,226
BRDA:19,6,0,226
BRDA:19,6,1,226
BRDA:21,7,0,226
BRDA:21,7,1,226
BRDA:21,8,0,225
BRDA:21,8,1,1
BRDA:21,9,0,226
BRDA:21,9,1,226
BRDA:22,10,0,224
BRDA:22,10,1,2
BRDA:22,11,0,226
BRDA:22,11,1,226
BRDA:22,11,2,226
BRDA:22,11,3,2
BRDA:23,12,0,224
BRDA:23,12,1,0
BRDA:26,13,0,226
BRDA:26,13,1,226
BRDA:34,14,0,2
BRDA:34,14,1,224
BRDA:37,15,0,2
BRDA:37,15,1,224
BRDA:37,16,0,226
BRDA:37,16,1,2
BRDA:37,16,2,2
BRDA:38,17,0,2
BRDA:38,17,1,0
BRDA:38,18,0,2
BRDA:38,18,1,2
BRDA:40,19,0,2
BRDA:40,19,1,0
BRF:43
BRH:40
end_of_record
TN:
SF:src\components\EventList.jsx
FN:12,(anonymous_0)
FN:16,(anonymous_1)
FNF:2
FNH:2
FNDA:16,(anonymous_0)
FNDA:212,(anonymous_1)
DA:12,4
DA:13,16
DA:16,212
LF:3
LH:3
BRDA:15,0,0,14
BRDA:15,0,1,2
BRF:2
BRH:2
end_of_record
TN:
SF:src\components\NumberOfEvents.jsx
FN:15,(anonymous_0)
FN:15,(anonymous_1)
FN:15,(anonymous_2)
FN:18,(anonymous_3)
FN:22,(anonymous_4)
FNF:5
FNH:5
FNDA:34,(anonymous_0)
FNDA:5,(anonymous_1)
FNDA:12,(anonymous_2)
FNDA:13,(anonymous_3)
FNDA:12,(anonymous_4)
DA:15,4
DA:16,34
DA:18,34
DA:19,13
DA:22,34
DA:23,12
DA:24,12
DA:27,12
DA:28,12
DA:31,12
DA:32,8
DA:36,12
DA:40,12
DA:41,12
DA:45,34
LF:15
LH:15
BRDA:15,0,0,34
BRDA:15,1,0,27
BRDA:15,2,0,34
BRDA:28,3,0,4
BRDA:28,3,1,8
BRDA:31,4,0,8
BRDA:31,4,1,4
BRDA:31,5,0,12
BRDA:31,5,1,8
BRDA:36,6,0,4
BRDA:36,6,1,8
BRDA:36,7,0,12
BRDA:36,7,1,8
BRDA:36,7,2,8
BRDA:36,7,3,8
BRDA:40,8,0,12
BRDA:40,8,1,0
BRF:17
BRH:16
end_of_record
