TN:
SF:src\App.jsx
FN:16,(anonymous_0)
FN:20,(anonymous_1)
FN:21,(anonymous_2)
FNF:3
FNH:3
FNDA:8,(anonymous_0)
FNDA:4,(anonymous_1)
FNDA:4,(anonymous_2)
DA:16,2
DA:17,8
DA:18,7
DA:20,7
DA:21,4
DA:24,7
DA:26,7
LF:7
LH:7
BRF:0
BRH:0
end_of_record
TN:
SF:src\api.js
FN:11,(anonymous_0)
FN:12,(anonymous_1)
FN:22,(anonymous_2)
FNF:3
FNH:3
FNDA:2,(anonymous_0)
FNDA:70,(anonymous_1)
FNDA:8,(anonymous_2)
DA:11,5
DA:12,70
DA:13,2
DA:14,2
DA:22,5
DA:23,8
LF:6
LH:6
BRF:0
BRH:0
end_of_record
TN:
SF:src\mock-data.js
FNF:0
FNH:0
DA:1,5
LF:1
LH:1
BRF:0
BRH:0
end_of_record
TN:
SF:src\components\CitySearch.jsx
FN:4,(anonymous_0)
FN:9,(anonymous_1)
FN:11,(anonymous_2)
FN:19,(anonymous_3)
FN:32,(anonymous_4)
FN:37,(anonymous_5)
FNF:6
FNH:6
FNDA:30,(anonymous_0)
FNDA:12,(anonymous_1)
FNDA:24,(anonymous_2)
FNDA:1,(anonymous_3)
FNDA:3,(anonymous_4)
FNDA:12,(anonymous_5)
DA:4,3
DA:5,30
DA:6,30
DA:7,30
DA:9,30
DA:10,12
DA:11,12
DA:12,24
DA:15,12
DA:16,12
DA:19,30
DA:20,1
DA:21,1
DA:22,1
DA:25,30
DA:32,3
DA:38,12
LF:17
LH:17
BRDA:11,0,0,12
BRDA:11,0,1,0
BRDA:35,1,0,15
BRDA:35,1,1,15
BRF:4
BRH:3
end_of_record
TN:
SF:src\components\Event.jsx
FN:12,(anonymous_0)
FN:14,(anonymous_1)
FN:14,(anonymous_2)
FNF:3
FNH:3
FNDA:90,(anonymous_0)
FNDA:3,(anonymous_1)
FNDA:3,(anonymous_2)
DA:12,4
DA:13,90
DA:14,90
DA:15,90
DA:17,90
LF:5
LH:5
BRDA:15,0,0,88
BRDA:15,0,1,2
BRDA:15,1,0,90
BRDA:15,1,1,90
BRDA:18,2,0,88
BRDA:18,2,1,2
BRDA:18,3,0,90
BRDA:18,3,1,90
BRDA:19,4,0,88
BRDA:19,4,1,2
BRDA:19,5,0,90
BRDA:19,5,1,90
BRDA:19,6,0,90
BRDA:19,6,1,90
BRDA:21,7,0,90
BRDA:21,7,1,90
BRDA:21,8,0,89
BRDA:21,8,1,1
BRDA:21,9,0,90
BRDA:21,9,1,90
BRDA:22,10,0,88
BRDA:22,10,1,2
BRDA:22,11,0,90
BRDA:22,11,1,90
BRDA:22,11,2,90
BRDA:22,11,3,2
BRDA:23,12,0,88
BRDA:23,12,1,0
BRDA:26,13,0,90
BRDA:26,13,1,90
BRDA:34,14,0,2
BRDA:34,14,1,88
BRDA:37,15,0,2
BRDA:37,15,1,88
BRDA:37,16,0,90
BRDA:37,16,1,2
BRDA:37,16,2,2
BRDA:38,17,0,2
BRDA:38,17,1,0
BRDA:38,18,0,2
BRDA:38,18,1,2
BRDA:40,19,0,2
BRDA:40,19,1,0
BRF:43
BRH:40
end_of_record
TN:
SF:src\components\EventList.jsx
FN:12,(anonymous_0)
FN:16,(anonymous_1)
FNF:2
FNH:2
FNDA:10,(anonymous_0)
FNDA:76,(anonymous_1)
DA:12,3
DA:13,10
DA:16,76
LF:3
LH:3
BRDA:15,0,0,8
BRDA:15,0,1,2
BRF:2
BRH:2
end_of_record
TN:
SF:src\components\NumberOfEvents.jsx
FN:15,(anonymous_0)
FN:15,(anonymous_1)
FN:15,(anonymous_2)
FN:18,(anonymous_3)
FN:22,(anonymous_4)
FNF:5
FNH:5
FNDA:28,(anonymous_0)
FNDA:3,(anonymous_1)
FNDA:12,(anonymous_2)
FNDA:12,(anonymous_3)
FNDA:12,(anonymous_4)
DA:15,2
DA:16,28
DA:18,28
DA:19,12
DA:22,28
DA:23,12
DA:24,12
DA:27,12
DA:28,12
DA:31,12
DA:32,8
DA:36,12
DA:40,12
DA:41,12
DA:45,28
LF:15
LH:15
BRDA:15,0,0,18
BRDA:15,1,0,11
BRDA:15,2,0,28
BRDA:28,3,0,4
BRDA:28,3,1,8
BRDA:31,4,0,8
BRDA:31,4,1,4
BRDA:31,5,0,12
BRDA:31,5,1,8
BRDA:36,6,0,4
BRDA:36,6,1,8
BRDA:36,7,0,12
BRDA:36,7,1,8
BRDA:36,7,2,8
BRDA:36,7,3,8
BRDA:40,8,0,12
BRDA:40,8,1,0
BRF:17
BRH:16
end_of_record
